<?xml version="1.0" encoding="UTF-8"?>
<!-- Generated by org.testng.reporters.JUnitReportReporter -->
<testsuite hostname="CS-COK-DEV-058" failures="0" tests="1" name="TestCases.HomeTest" time="45.859" errors="0" timestamp="2022-09-27T10:43:21 IST" skipped="0">
  <testcase classname="TestCases.HomeTest" name="toClickProviderMenu" time="45.859"/>
  <system-out/>
</testsuite> <!-- TestCases.HomeTest -->
